2005.05.13 17:33 B D:\WebUV\WebUV_Local1\Tablas\_vti_cnf\Arriendo_Apartamentos.html --> www.uribevelez.com /Tablas/_vti_cnf Arriendo_Apartamentos.html
2005.05.13 17:33 B D:\WebUV\WebUV_Local1\Tablas\_vti_cnf\Arriendo_Bodegas.html --> www.uribevelez.com /Tablas/_vti_cnf Arriendo_Bodegas.html
2005.05.13 17:33 B D:\WebUV\WebUV_Local1\Tablas\_vti_cnf\Arriendo_Casas.html --> www.uribevelez.com /Tablas/_vti_cnf Arriendo_Casas.html
2005.05.13 17:33 B D:\WebUV\WebUV_Local1\Tablas\_vti_cnf\Arriendo_Consultorios.html --> www.uribevelez.com /Tablas/_vti_cnf Arriendo_Consultorios.html
2005.05.13 17:33 B D:\WebUV\WebUV_Local1\Tablas\_vti_cnf\Arriendo_Locales.html --> www.uribevelez.com /Tablas/_vti_cnf Arriendo_Locales.html
2005.05.13 17:33 B D:\WebUV\WebUV_Local1\Tablas\_vti_cnf\Arriendo_Oficinas.html --> www.uribevelez.com /Tablas/_vti_cnf Arriendo_Oficinas.html
2005.05.13 17:33 B D:\WebUV\WebUV_Local1\Tablas\_vti_cnf\Venta_Apartamentos.html --> www.uribevelez.com /Tablas/_vti_cnf Venta_Apartamentos.html
2005.05.13 17:33 B D:\WebUV\WebUV_Local1\Tablas\_vti_cnf\Venta_Bodegas.html --> www.uribevelez.com /Tablas/_vti_cnf Venta_Bodegas.html
2005.05.13 17:33 B D:\WebUV\WebUV_Local1\Tablas\_vti_cnf\Venta_Casas.html --> www.uribevelez.com /Tablas/_vti_cnf Venta_Casas.html
2005.05.13 17:33 B D:\WebUV\WebUV_Local1\Tablas\_vti_cnf\Venta_Consultorios.html --> www.uribevelez.com /Tablas/_vti_cnf Venta_Consultorios.html
2005.05.13 17:33 B D:\WebUV\WebUV_Local1\Tablas\_vti_cnf\Venta_Fincas.html --> www.uribevelez.com /Tablas/_vti_cnf Venta_Fincas.html
2005.05.13 17:33 B D:\WebUV\WebUV_Local1\Tablas\_vti_cnf\Venta_Locales.html --> www.uribevelez.com /Tablas/_vti_cnf Venta_Locales.html
2005.05.13 17:33 B D:\WebUV\WebUV_Local1\Tablas\_vti_cnf\Venta_Lotes.html --> www.uribevelez.com /Tablas/_vti_cnf Venta_Lotes.html
2005.05.13 17:33 B D:\WebUV\WebUV_Local1\Tablas\_vti_cnf\Venta_Oficinas.html --> www.uribevelez.com /Tablas/_vti_cnf Venta_Oficinas.html
2005.05.13 17:37 B D:\WebUV\WebUV_Local1\Tablas\_vti_cnf\WS_FTP.LOG --> www.uribevelez.com /Tablas/_vti_cnf WS_FTP.LOG
2005.05.14 12:15 B D:\WebUV\WebUV_Local1\Tablas\_vti_cnf\WS_FTP.LOG --> www.uribevelez.com /Tablas/_vti_cnf WS_FTP.LOG
2005.05.14 12:37 B D:\WebUV\WebUV_Local1\Tablas\_vti_cnf\WS_FTP.LOG --> www.uribevelez.com /Tablas/_vti_cnf WS_FTP.LOG
2005.05.15 16:15 B D:\WebUV\WebUV_Local1\Tablas\_vti_cnf\WS_FTP.LOG --> www.uribevelez.com /Tablas/_vti_cnf WS_FTP.LOG
2005.05.16 17:54 B D:\WebUV\WebUV_Local1\Tablas\_vti_cnf\WS_FTP.LOG --> www.uribevelez.com /Tablas/_vti_cnf WS_FTP.LOG
2005.05.16 18:09 B D:\WebUV\WebUV_Local1\Tablas\_vti_cnf\WS_FTP.LOG --> www.uribevelez.com /Tablas/_vti_cnf WS_FTP.LOG
2005.05.17 18:45 B D:\WebUV\WebUV_Local1\Tablas\_vti_cnf\Arriendo_Apartamentos.html --> www.uribevelez.com /Tablas/_vti_cnf Arriendo_Apartamentos.html
2005.05.17 18:45 B D:\WebUV\WebUV_Local1\Tablas\_vti_cnf\Arriendo_Bodegas.html --> www.uribevelez.com /Tablas/_vti_cnf Arriendo_Bodegas.html
2005.05.17 18:45 B D:\WebUV\WebUV_Local1\Tablas\_vti_cnf\Arriendo_Casas.html --> www.uribevelez.com /Tablas/_vti_cnf Arriendo_Casas.html
2005.05.17 18:45 B D:\WebUV\WebUV_Local1\Tablas\_vti_cnf\Arriendo_Consultorios.html --> www.uribevelez.com /Tablas/_vti_cnf Arriendo_Consultorios.html
2005.05.17 18:45 B D:\WebUV\WebUV_Local1\Tablas\_vti_cnf\Arriendo_Locales.html --> www.uribevelez.com /Tablas/_vti_cnf Arriendo_Locales.html
2005.05.17 18:45 B D:\WebUV\WebUV_Local1\Tablas\_vti_cnf\Arriendo_Oficinas.html --> www.uribevelez.com /Tablas/_vti_cnf Arriendo_Oficinas.html
2005.05.17 18:45 B D:\WebUV\WebUV_Local1\Tablas\_vti_cnf\Venta_Apartamentos.html --> www.uribevelez.com /Tablas/_vti_cnf Venta_Apartamentos.html
2005.05.17 18:45 B D:\WebUV\WebUV_Local1\Tablas\_vti_cnf\Venta_Bodegas.html --> www.uribevelez.com /Tablas/_vti_cnf Venta_Bodegas.html
2005.05.17 18:45 B D:\WebUV\WebUV_Local1\Tablas\_vti_cnf\Venta_Casas.html --> www.uribevelez.com /Tablas/_vti_cnf Venta_Casas.html
2005.05.17 18:45 B D:\WebUV\WebUV_Local1\Tablas\_vti_cnf\Venta_Consultorios.html --> www.uribevelez.com /Tablas/_vti_cnf Venta_Consultorios.html
2005.05.17 18:45 B D:\WebUV\WebUV_Local1\Tablas\_vti_cnf\Venta_Fincas.html --> www.uribevelez.com /Tablas/_vti_cnf Venta_Fincas.html
2005.05.17 18:45 B D:\WebUV\WebUV_Local1\Tablas\_vti_cnf\Venta_Locales.html --> www.uribevelez.com /Tablas/_vti_cnf Venta_Locales.html
2005.05.17 18:45 B D:\WebUV\WebUV_Local1\Tablas\_vti_cnf\Venta_Lotes.html --> www.uribevelez.com /Tablas/_vti_cnf Venta_Lotes.html
2005.05.17 18:45 B D:\WebUV\WebUV_Local1\Tablas\_vti_cnf\Venta_Oficinas.html --> www.uribevelez.com /Tablas/_vti_cnf Venta_Oficinas.html
2005.05.17 18:45 B D:\WebUV\WebUV_Local1\Tablas\_vti_cnf\WS_FTP.LOG --> www.uribevelez.com /Tablas/_vti_cnf WS_FTP.LOG
2005.05.18 18:06 B D:\WebUV\WebUV_Local1\Tablas\_vti_cnf\WS_FTP.LOG --> www.uribevelez.com /Tablas/_vti_cnf WS_FTP.LOG
2005.05.19 18:06 B D:\WebUV\WebUV_Local1\Tablas\_vti_cnf\WS_FTP.LOG --> www.uribevelez.com /Tablas/_vti_cnf WS_FTP.LOG
2005.05.19 18:10 B D:\WebUV\WebUV_Local1\Tablas\_vti_cnf\WS_FTP.LOG --> www.uribevelez.com /Tablas/_vti_cnf WS_FTP.LOG
2005.05.20 17:52 B D:\WebUV\WebUV_Local1\Tablas\_vti_cnf\WS_FTP.LOG --> www.uribevelez.com /Tablas/_vti_cnf WS_FTP.LOG
2005.05.20 18:13 B D:\WebUV\WebUV_Local1\Tablas\_vti_cnf\WS_FTP.LOG --> www.uribevelez.com /Tablas/_vti_cnf WS_FTP.LOG
2005.05.20 18:19 B D:\WebUV\WebUV_Local1\Tablas\_vti_cnf\WS_FTP.LOG --> www.uribevelez.com /Tablas/_vti_cnf WS_FTP.LOG
2005.05.21 12:53 B D:\WebUV\WebUV_Local1\Tablas\_vti_cnf\WS_FTP.LOG --> www.uribevelez.com /Tablas/_vti_cnf WS_FTP.LOG
2005.05.22 15:30 B D:\WebUV\WebUV_Local1\Tablas\_vti_cnf\WS_FTP.LOG --> www.uribevelez.com /Tablas/_vti_cnf WS_FTP.LOG
2005.05.22 15:35 B D:\WebUV\WebUV_Local1\Tablas\_vti_cnf\WS_FTP.LOG --> www.uribevelez.com /Tablas/_vti_cnf WS_FTP.LOG
2005.05.23 18:27 B D:\WebUV\WebUV_Local1\Tablas\_vti_cnf\WS_FTP.LOG --> www.uribevelez.com /Tablas/_vti_cnf WS_FTP.LOG
2005.05.24 18:20 B D:\WebUV\WebUV_Local1\Tablas\_vti_cnf\WS_FTP.LOG --> www.uribevelez.com /Tablas/_vti_cnf WS_FTP.LOG
2005.05.25 18:05 B D:\WebUV\WebUV_Local1\Tablas\_vti_cnf\WS_FTP.LOG --> www.uribevelez.com /Tablas/_vti_cnf WS_FTP.LOG
2005.05.26 18:38 B D:\WebUV\WebUV_Local1\Tablas\_vti_cnf\WS_FTP.LOG --> www.uribevelez.com /Tablas/_vti_cnf WS_FTP.LOG
2005.05.27 17:36 B D:\WebUV\WebUV_Local1\Tablas\_vti_cnf\WS_FTP.LOG --> www.uribevelez.com /Tablas/_vti_cnf WS_FTP.LOG
2005.05.28 13:19 B D:\WebUV\WebUV_Local1\Tablas\_vti_cnf\WS_FTP.LOG --> www.uribevelez.com /Tablas/_vti_cnf WS_FTP.LOG
2005.05.28 18:28 B D:\WebUV\WebUV_Local1\Tablas\_vti_cnf\WS_FTP.LOG --> www.uribevelez.com /Tablas/_vti_cnf WS_FTP.LOG
2005.05.30 18:23 B D:\WebUV\WebUV_Local1\Tablas\_vti_cnf\WS_FTP.LOG --> www.uribevelez.com /Tablas/_vti_cnf WS_FTP.LOG
2005.05.30 18:30 B D:\WebUV\WebUV_Local1\Tablas\_vti_cnf\WS_FTP.LOG --> www.uribevelez.com /Tablas/_vti_cnf WS_FTP.LOG
2005.05.31 18:09 B D:\WebUV\WebUV_Local1\Tablas\_vti_cnf\WS_FTP.LOG --> www.uribevelez.com /Tablas/_vti_cnf WS_FTP.LOG
2005.06.01 18:23 B D:\WebUV\WebUV_Local1\Tablas\_vti_cnf\WS_FTP.LOG --> www.uribevelez.com /Tablas/_vti_cnf WS_FTP.LOG
2005.06.02 18:39 B D:\WebUV\WebUV_Local1\Tablas\_vti_cnf\WS_FTP.LOG --> www.uribevelez.com /Tablas/_vti_cnf WS_FTP.LOG
2005.06.03 19:00 B D:\WebUV\WebUV_Local1\Tablas\_vti_cnf\WS_FTP.LOG --> www.uribevelez.com /Tablas/_vti_cnf WS_FTP.LOG
2005.06.04 13:42 B D:\WebUV\WebUV_Local1\Tablas\_vti_cnf\WS_FTP.LOG --> www.uribevelez.com /Tablas/_vti_cnf WS_FTP.LOG
2005.06.06 20:39 B D:\WebUV\WebUV_Local1\Tablas\_vti_cnf\WS_FTP.LOG --> www.uribevelez.com /Tablas/_vti_cnf WS_FTP.LOG
2005.06.07 20:06 B D:\WebUV\WebUV_Local1\Tablas\_vti_cnf\WS_FTP.LOG --> www.uribevelez.com /Tablas/_vti_cnf WS_FTP.LOG
2005.06.08 18:39 B D:\WebUV\WebUV_Local1\Tablas\_vti_cnf\WS_FTP.LOG --> www.uribevelez.com /Tablas/_vti_cnf WS_FTP.LOG
2005.06.09 17:52 B D:\WebUV\WebUV_Local1\Tablas\_vti_cnf\WS_FTP.LOG --> www.uribevelez.com /Tablas/_vti_cnf WS_FTP.LOG
2005.06.09 17:56 B D:\WebUV\WebUV_Local1\Tablas\_vti_cnf\WS_FTP.LOG --> www.uribevelez.com /Tablas/_vti_cnf WS_FTP.LOG
2005.06.10 18:22 B D:\WebUV\WebUV_Local1\Tablas\_vti_cnf\WS_FTP.LOG --> www.uribevelez.com /Tablas/_vti_cnf WS_FTP.LOG
2005.06.10 18:27 B D:\WebUV\WebUV_Local1\Tablas\_vti_cnf\WS_FTP.LOG --> www.uribevelez.com /Tablas/_vti_cnf WS_FTP.LOG
2005.06.10 18:39 B D:\WebUV\WebUV_Local1\Tablas\_vti_cnf\WS_FTP.LOG --> www.uribevelez.com /Tablas/_vti_cnf WS_FTP.LOG
2005.06.11 12:12 B D:\WebUV\WebUV_Local1\Tablas\_vti_cnf\WS_FTP.LOG --> www.uribevelez.com /Tablas/_vti_cnf WS_FTP.LOG
2005.06.11 12:19 B D:\WebUV\WebUV_Local1\Tablas\_vti_cnf\WS_FTP.LOG --> www.uribevelez.com /Tablas/_vti_cnf WS_FTP.LOG
2005.06.11 18:20 B D:\WebUV\WebUV_Local1\Tablas\_vti_cnf\WS_FTP.LOG --> www.uribevelez.com /Tablas/_vti_cnf WS_FTP.LOG
2005.06.13 19:07 B D:\WebUV\WebUV_Local1\Tablas\_vti_cnf\WS_FTP.LOG --> www.uribevelez.com /Tablas/_vti_cnf WS_FTP.LOG
2005.06.14 18:42 B D:\WebUV\WebUV_Local1\Tablas\_vti_cnf\WS_FTP.LOG --> www.uribevelez.com /Tablas/_vti_cnf WS_FTP.LOG
2005.06.15 18:31 B D:\WebUV\WebUV_Local1\Tablas\_vti_cnf\WS_FTP.LOG --> www.uribevelez.com /Tablas/_vti_cnf WS_FTP.LOG
2005.06.16 18:14 B D:\WebUV\WebUV_Local1\Tablas\_vti_cnf\WS_FTP.LOG --> www.uribevelez.com /Tablas/_vti_cnf WS_FTP.LOG
2005.06.17 17:30 B D:\WebUV\WebUV_Local1\Tablas\_vti_cnf\WS_FTP.LOG --> www.uribevelez.com /Tablas/_vti_cnf WS_FTP.LOG
2005.06.18 13:04 B D:\WebUV\WebUV_Local1\Tablas\_vti_cnf\WS_FTP.LOG --> www.uribevelez.com /Tablas/_vti_cnf WS_FTP.LOG
2005.06.20 18:00 B D:\WebUV\WebUV_Local1\Tablas\_vti_cnf\WS_FTP.LOG --> www.uribevelez.com /Tablas/_vti_cnf WS_FTP.LOG
2005.06.20 18:26 B D:\WebUV\WebUV_Local1\Tablas\_vti_cnf\WS_FTP.LOG --> www.uribevelez.com /Tablas/_vti_cnf WS_FTP.LOG
2005.06.21 18:45 B D:\WebUV\WebUV_Local1\Tablas\_vti_cnf\WS_FTP.LOG --> www.uribevelez.com /Tablas/_vti_cnf WS_FTP.LOG
2005.06.22 19:04 B D:\WebUV\WebUV_Local1\Tablas\_vti_cnf\WS_FTP.LOG --> www.uribevelez.com /Tablas/_vti_cnf WS_FTP.LOG
2005.06.23 18:44 B D:\WebUV\WebUV_Local1\Tablas\_vti_cnf\WS_FTP.LOG --> www.uribevelez.com /Tablas/_vti_cnf WS_FTP.LOG
2005.06.24 17:01 B D:\WebUV\WebUV_Local1\Tablas\_vti_cnf\WS_FTP.LOG --> www.uribevelez.com /Tablas/_vti_cnf WS_FTP.LOG
2005.06.25 12:26 B D:\WebUV\WebUV_Local1\Tablas\_vti_cnf\WS_FTP.LOG --> www.uribevelez.com /Tablas/_vti_cnf WS_FTP.LOG
2005.06.27 18:47 B D:\WebUV\WebUV_Local1\Tablas\_vti_cnf\WS_FTP.LOG --> www.uribevelez.com /Tablas/_vti_cnf WS_FTP.LOG
2005.06.28 18:23 B D:\WebUV\WebUV_Local1\Tablas\_vti_cnf\WS_FTP.LOG --> www.uribevelez.com /Tablas/_vti_cnf WS_FTP.LOG
2005.06.29 18:45 B D:\WebUV\WebUV_Local1\Tablas\_vti_cnf\WS_FTP.LOG --> www.uribevelez.com /Tablas/_vti_cnf WS_FTP.LOG
2005.06.30 16:23 B D:\WebUV\WebUV_Local1\Tablas\_vti_cnf\WS_FTP.LOG --> www.uribevelez.com /Tablas/_vti_cnf WS_FTP.LOG
2005.07.01 19:12 B D:\WebUV\WebUV_Local1\Tablas\_vti_cnf\WS_FTP.LOG --> www.uribevelez.com /Tablas/_vti_cnf WS_FTP.LOG
2005.07.02 13:09 B D:\WebUV\WebUV_Local1\Tablas\_vti_cnf\WS_FTP.LOG --> www.uribevelez.com /Tablas/_vti_cnf WS_FTP.LOG
2005.07.05 18:17 B D:\WebUV\WebUV_Local1\Tablas\_vti_cnf\WS_FTP.LOG --> www.uribevelez.com /Tablas/_vti_cnf WS_FTP.LOG
2005.07.06 18:44 B D:\WebUV\WebUV_Local1\Tablas\_vti_cnf\WS_FTP.LOG --> www.uribevelez.com /Tablas/_vti_cnf WS_FTP.LOG
2005.07.07 18:57 B D:\WebUV\WebUV_Local1\Tablas\_vti_cnf\WS_FTP.LOG --> www.uribevelez.com /Tablas/_vti_cnf WS_FTP.LOG
2005.07.08 17:48 B D:\WebUV\WebUV_Local1\Tablas\_vti_cnf\WS_FTP.LOG --> www.uribevelez.com /Tablas/_vti_cnf WS_FTP.LOG
2005.07.09 13:14 B D:\WebUV\WebUV_Local1\Tablas\_vti_cnf\WS_FTP.LOG --> www.uribevelez.com /Tablas/_vti_cnf WS_FTP.LOG
2005.07.11 18:52 B D:\WebUV\WebUV_Local1\Tablas\_vti_cnf\WS_FTP.LOG --> www.uribevelez.com /Tablas/_vti_cnf WS_FTP.LOG
2005.07.12 18:16 B D:\WebUV\WebUV_Local1\Tablas\_vti_cnf\WS_FTP.LOG --> www.uribevelez.com /Tablas/_vti_cnf WS_FTP.LOG
2005.07.13 18:56 B D:\WebUV\WebUV_Local1\Tablas\_vti_cnf\WS_FTP.LOG --> www.uribevelez.com /Tablas/_vti_cnf WS_FTP.LOG
2005.07.14 18:51 B D:\WebUV\WebUV_Local1\Tablas\_vti_cnf\WS_FTP.LOG --> www.uribevelez.com /Tablas/_vti_cnf WS_FTP.LOG
2005.07.15 17:26 B D:\WebUV\WebUV_Local1\Tablas\_vti_cnf\WS_FTP.LOG --> www.uribevelez.com /Tablas/_vti_cnf WS_FTP.LOG
2005.07.16 12:58 B D:\WebUV\WebUV_Local1\Tablas\_vti_cnf\WS_FTP.LOG --> www.uribevelez.com /Tablas/_vti_cnf WS_FTP.LOG
2005.07.16 13:06 B D:\WebUV\WebUV_Local1\Tablas\_vti_cnf\WS_FTP.LOG --> www.uribevelez.com /Tablas/_vti_cnf WS_FTP.LOG
2005.07.18 22:00 B D:\WebUV\WebUV_Local1\Tablas\_vti_cnf\WS_FTP.LOG --> www.uribevelez.com /Tablas/_vti_cnf WS_FTP.LOG
2005.07.19 18:30 B D:\WebUV\WebUV_Local1\Tablas\_vti_cnf\WS_FTP.LOG --> www.uribevelez.com /Tablas/_vti_cnf WS_FTP.LOG
2005.07.21 18:40 B D:\WebUV\WebUV_Local1\Tablas\_vti_cnf\WS_FTP.LOG --> www.uribevelez.com /Tablas/_vti_cnf WS_FTP.LOG
2005.07.22 19:08 B D:\WebUV\WebUV_Local1\Tablas\_vti_cnf\WS_FTP.LOG --> www.uribevelez.com /Tablas/_vti_cnf WS_FTP.LOG
2005.07.23 15:53 B D:\WebUV\WebUV_Local1\Tablas\_vti_cnf\WS_FTP.LOG --> www.uribevelez.com /Tablas/_vti_cnf WS_FTP.LOG
2005.07.25 19:43 B D:\WebUV\WebUV_Local1\Tablas\_vti_cnf\WS_FTP.LOG --> www.uribevelez.com /Tablas/_vti_cnf WS_FTP.LOG
2005.07.27 19:08 B D:\WebUV\WebUV_Local1\Tablas\_vti_cnf\WS_FTP.LOG --> www.uribevelez.com /Tablas/_vti_cnf WS_FTP.LOG
2005.07.28 18:36 B D:\WebUV\WebUV_Local1\Tablas\_vti_cnf\WS_FTP.LOG --> www.uribevelez.com /Tablas/_vti_cnf WS_FTP.LOG
2005.07.29 19:40 B D:\WebUV\WebUV_Local1\Tablas\_vti_cnf\WS_FTP.LOG --> www.uribevelez.com /Tablas/_vti_cnf WS_FTP.LOG
2005.07.30 14:42 B D:\WebUV\WebUV_Local1\Tablas\_vti_cnf\WS_FTP.LOG --> www.uribevelez.com /Tablas/_vti_cnf WS_FTP.LOG
2005.08.01 19:58 B D:\WebUV\WebUV_Local1\Tablas\_vti_cnf\WS_FTP.LOG --> www.uribevelez.com /Tablas/_vti_cnf WS_FTP.LOG
2005.08.02 19:21 B D:\WebUV\WebUV_Local1\Tablas\_vti_cnf\WS_FTP.LOG --> www.uribevelez.com /Tablas/_vti_cnf WS_FTP.LOG
2005.08.03 19:18 B D:\WebUV\WebUV_Local1\Tablas\_vti_cnf\WS_FTP.LOG --> www.uribevelez.com /Tablas/_vti_cnf WS_FTP.LOG
2005.08.04 19:06 B D:\WebUV\WebUV_Local1\Tablas\_vti_cnf\WS_FTP.LOG --> www.uribevelez.com /Tablas/_vti_cnf WS_FTP.LOG
2005.08.05 19:11 B D:\WebUV\WebUV_Local1\Tablas\_vti_cnf\WS_FTP.LOG --> www.uribevelez.com /Tablas/_vti_cnf WS_FTP.LOG
2005.08.08 19:48 B D:\WebUV\WebUV_Local1\Tablas\_vti_cnf\WS_FTP.LOG --> www.uribevelez.com /Tablas/_vti_cnf WS_FTP.LOG
2005.08.09 18:32 B D:\WebUV\WebUV_Local1\Tablas\_vti_cnf\WS_FTP.LOG --> www.uribevelez.com /Tablas/_vti_cnf WS_FTP.LOG
2005.08.10 19:53 B D:\WebUV\WebUV_Local1\Tablas\_vti_cnf\WS_FTP.LOG --> www.uribevelez.com /Tablas/_vti_cnf WS_FTP.LOG
2005.08.10 20:03 B D:\WebUV\WebUV_Local1\Tablas\_vti_cnf\WS_FTP.LOG --> www.uribevelez.com /Tablas/_vti_cnf WS_FTP.LOG
2005.08.11 18:34 B D:\WebUV\WebUV_Local1\Tablas\_vti_cnf\WS_FTP.LOG --> www.uribevelez.com /Tablas/_vti_cnf WS_FTP.LOG
2005.08.12 18:04 B D:\WebUV\WebUV_Local1\Tablas\_vti_cnf\WS_FTP.LOG --> www.uribevelez.com /Tablas/_vti_cnf WS_FTP.LOG
2005.08.13 13:03 B D:\WebUV\WebUV_Local1\Tablas\_vti_cnf\WS_FTP.LOG --> www.uribevelez.com /Tablas/_vti_cnf WS_FTP.LOG
2005.08.17 19:02 B D:\WebUV\WebUV_Local1\Tablas\_vti_cnf\WS_FTP.LOG --> www.uribevelez.com /Tablas/_vti_cnf WS_FTP.LOG
2005.08.18 18:09 B D:\WebUV\WebUV_Local1\Tablas\_vti_cnf\WS_FTP.LOG --> www.uribevelez.com /Tablas/_vti_cnf WS_FTP.LOG
2005.08.20 12:56 B D:\WebUV\WebUV_Local1\Tablas\_vti_cnf\WS_FTP.LOG --> www.uribevelez.com /Tablas/_vti_cnf WS_FTP.LOG
2005.08.22 18:37 B D:\WebUV\WebUV_Local1\Tablas\_vti_cnf\WS_FTP.LOG --> www.uribevelez.com /Tablas/_vti_cnf WS_FTP.LOG
2005.08.23 18:27 B D:\WebUV\WebUV_Local1\Tablas\_vti_cnf\WS_FTP.LOG --> www.uribevelez.com /Tablas/_vti_cnf WS_FTP.LOG
2005.08.24 19:10 B D:\WebUV\WebUV_Local1\Tablas\_vti_cnf\WS_FTP.LOG --> www.uribevelez.com /Tablas/_vti_cnf WS_FTP.LOG
2005.08.25 18:46 B D:\WebUV\WebUV_Local1\Tablas\_vti_cnf\WS_FTP.LOG --> www.uribevelez.com /Tablas/_vti_cnf WS_FTP.LOG
2005.08.26 18:06 B D:\WebUV\WebUV_Local1\Tablas\_vti_cnf\WS_FTP.LOG --> www.uribevelez.com /Tablas/_vti_cnf WS_FTP.LOG
2005.08.27 13:28 B D:\WebUV\WebUV_Local1\Tablas\_vti_cnf\WS_FTP.LOG --> www.uribevelez.com /Tablas/_vti_cnf WS_FTP.LOG
2005.08.29 18:37 B D:\WebUV\WebUV_Local1\Tablas\_vti_cnf\WS_FTP.LOG --> www.uribevelez.com /Tablas/_vti_cnf WS_FTP.LOG
2005.08.30 19:12 B D:\WebUV\WebUV_Local1\Tablas\_vti_cnf\WS_FTP.LOG --> www.uribevelez.com /Tablas/_vti_cnf WS_FTP.LOG
2005.08.31 18:42 B D:\WebUV\WebUV_Local1\Tablas\_vti_cnf\WS_FTP.LOG --> www.uribevelez.com /Tablas/_vti_cnf WS_FTP.LOG
2005.09.01 19:17 B D:\WebUV\WebUV_Local1\Tablas\_vti_cnf\WS_FTP.LOG --> www.uribevelez.com /Tablas/_vti_cnf WS_FTP.LOG
2005.09.02 18:21 B D:\WebUV\WebUV_Local1\Tablas\_vti_cnf\WS_FTP.LOG --> www.uribevelez.com /Tablas/_vti_cnf WS_FTP.LOG
2005.09.03 14:16 B D:\WebUV\WebUV_Local1\Tablas\_vti_cnf\WS_FTP.LOG --> www.uribevelez.com /Tablas/_vti_cnf WS_FTP.LOG
2005.09.05 19:01 B D:\WebUV\WebUV_Local1\Tablas\_vti_cnf\WS_FTP.LOG --> www.uribevelez.com /Tablas/_vti_cnf WS_FTP.LOG
2005.09.06 18:28 B D:\WebUV\WebUV_Local1\Tablas\_vti_cnf\WS_FTP.LOG --> www.uribevelez.com /Tablas/_vti_cnf WS_FTP.LOG
2005.09.07 19:17 B D:\WebUV\WebUV_Local1\Tablas\_vti_cnf\WS_FTP.LOG --> www.uribevelez.com /Tablas/_vti_cnf WS_FTP.LOG
2005.09.08 18:43 B D:\WebUV\WebUV_Local1\Tablas\_vti_cnf\WS_FTP.LOG --> www.uribevelez.com /Tablas/_vti_cnf WS_FTP.LOG
2005.09.09 18:21 B D:\WebUV\WebUV_Local1\Tablas\_vti_cnf\WS_FTP.LOG --> www.uribevelez.com /Tablas/_vti_cnf WS_FTP.LOG
2005.09.10 17:04 B D:\WebUV\WebUV_Local1\Tablas\_vti_cnf\WS_FTP.LOG --> www.uribevelez.com /Tablas/_vti_cnf WS_FTP.LOG
2005.09.13 18:03 B D:\WebUV\WebUV_Local1\Tablas\_vti_cnf\WS_FTP.LOG --> www.uribevelez.com /Tablas/_vti_cnf WS_FTP.LOG
2005.09.15 18:24 B D:\WebUV\WebUV_Local1\Tablas\_vti_cnf\WS_FTP.LOG --> www.uribevelez.com /Tablas/_vti_cnf WS_FTP.LOG
2005.09.16 18:17 B D:\WebUV\WebUV_Local1\Tablas\_vti_cnf\WS_FTP.LOG --> www.uribevelez.com /Tablas/_vti_cnf WS_FTP.LOG
2005.09.19 18:48 B D:\WebUV\WebUV_Local1\Tablas\_vti_cnf\WS_FTP.LOG --> www.uribevelez.com /Tablas/_vti_cnf WS_FTP.LOG
2005.09.20 17:55 B D:\WebUV\WebUV_Local1\Tablas\_vti_cnf\WS_FTP.LOG --> www.uribevelez.com /Tablas/_vti_cnf WS_FTP.LOG
2005.09.21 18:27 B D:\WebUV\WebUV_Local1\Tablas\_vti_cnf\WS_FTP.LOG --> www.uribevelez.com /Tablas/_vti_cnf WS_FTP.LOG
2005.09.22 18:23 B D:\WebUV\WebUV_Local1\Tablas\_vti_cnf\WS_FTP.LOG --> www.uribevelez.com /Tablas/_vti_cnf WS_FTP.LOG
2005.09.23 17:47 B D:\WebUV\WebUV_Local1\Tablas\_vti_cnf\WS_FTP.LOG --> www.uribevelez.com /Tablas/_vti_cnf WS_FTP.LOG
2005.09.24 13:22 B D:\WebUV\WebUV_Local1\Tablas\_vti_cnf\WS_FTP.LOG --> www.uribevelez.com /Tablas/_vti_cnf WS_FTP.LOG
2005.09.26 18:51 B D:\WebUV\WebUV_Local1\Tablas\_vti_cnf\WS_FTP.LOG --> www.uribevelez.com /Tablas/_vti_cnf WS_FTP.LOG
2005.09.27 17:44 B D:\WebUV\WebUV_Local1\Tablas\_vti_cnf\WS_FTP.LOG --> www.uribevelez.com /Tablas/_vti_cnf WS_FTP.LOG
2005.09.28 18:28 B D:\WebUV\WebUV_Local1\Tablas\_vti_cnf\WS_FTP.LOG --> www.uribevelez.com /Tablas/_vti_cnf WS_FTP.LOG
2005.09.29 18:15 B D:\WebUV\WebUV_Local1\Tablas\_vti_cnf\WS_FTP.LOG --> www.uribevelez.com /Tablas/_vti_cnf WS_FTP.LOG
2005.09.30 18:17 B D:\WebUV\WebUV_Local1\Tablas\_vti_cnf\WS_FTP.LOG --> www.uribevelez.com /Tablas/_vti_cnf WS_FTP.LOG
2005.10.01 13:47 B D:\WebUV\WebUV_Local1\Tablas\_vti_cnf\WS_FTP.LOG --> www.uribevelez.com /Tablas/_vti_cnf WS_FTP.LOG
2005.10.03 19:46 B D:\WebUV\WebUV_Local1\Tablas\_vti_cnf\WS_FTP.LOG --> www.uribevelez.com /Tablas/_vti_cnf WS_FTP.LOG
2005.10.06 18:04 B D:\WebUV\WebUV_Local1\Tablas\_vti_cnf\WS_FTP.LOG --> www.uribevelez.com /Tablas/_vti_cnf WS_FTP.LOG
2005.10.08 16:47 B D:\WebUV\WebUV_Local1\Tablas\_vti_cnf\WS_FTP.LOG --> www.uribevelez.com /Tablas/_vti_cnf WS_FTP.LOG
2005.10.10 18:10 B D:\WebUV\WebUV_Local1\Tablas\_vti_cnf\WS_FTP.LOG --> www.uribevelez.com /Tablas/_vti_cnf WS_FTP.LOG
2005.10.11 18:38 B D:\WebUV\WebUV_Local1\Tablas\_vti_cnf\WS_FTP.LOG --> www.uribevelez.com /Tablas/_vti_cnf WS_FTP.LOG
2005.10.12 17:56 B D:\WebUV\WebUV_Local1\Tablas\_vti_cnf\WS_FTP.LOG --> www.uribevelez.com /Tablas/_vti_cnf WS_FTP.LOG
2005.10.13 18:19 B D:\WebUV\WebUV_Local1\Tablas\_vti_cnf\WS_FTP.LOG --> www.uribevelez.com /Tablas/_vti_cnf WS_FTP.LOG
2005.10.14 18:34 B D:\WebUV\WebUV_Local1\Tablas\_vti_cnf\WS_FTP.LOG --> www.uribevelez.com /Tablas/_vti_cnf WS_FTP.LOG
2005.10.15 12:34 B D:\WebUV\WebUV_Local1\Tablas\_vti_cnf\WS_FTP.LOG --> www.uribevelez.com /Tablas/_vti_cnf WS_FTP.LOG
2005.10.18 17:48 B D:\WebUV\WebUV_Local1\Tablas\_vti_cnf\WS_FTP.LOG --> www.uribevelez.com /Tablas/_vti_cnf WS_FTP.LOG
2005.10.19 18:00 B D:\WebUV\WebUV_Local1\Tablas\_vti_cnf\WS_FTP.LOG --> www.uribevelez.com /Tablas/_vti_cnf WS_FTP.LOG
2005.10.20 17:18 B D:\WebUV\WebUV_Local1\Tablas\_vti_cnf\WS_FTP.LOG --> www.uribevelez.com /Tablas/_vti_cnf WS_FTP.LOG
2005.10.21 17:12 B D:\WebUV\WebUV_Local1\Tablas\_vti_cnf\WS_FTP.LOG --> www.uribevelez.com /Tablas/_vti_cnf WS_FTP.LOG
2005.10.22 13:01 B D:\WebUV\WebUV_Local1\Tablas\_vti_cnf\WS_FTP.LOG --> www.uribevelez.com /Tablas/_vti_cnf WS_FTP.LOG
2005.10.24 18:18 B D:\WebUV\WebUV_Local1\Tablas\_vti_cnf\WS_FTP.LOG --> www.uribevelez.com /Tablas/_vti_cnf WS_FTP.LOG
2005.10.25 18:27 B D:\WebUV\WebUV_Local1\Tablas\_vti_cnf\WS_FTP.LOG --> www.uribevelez.com /Tablas/_vti_cnf WS_FTP.LOG
2005.10.25 18:40 B D:\WebUV\WebUV_Local1\Tablas\_vti_cnf\WS_FTP.LOG --> www.uribevelez.com /Tablas/_vti_cnf WS_FTP.LOG
2005.10.26 17:50 B D:\WebUV\WebUV_Local1\Tablas\_vti_cnf\WS_FTP.LOG --> www.uribevelez.com /Tablas/_vti_cnf WS_FTP.LOG
2005.10.27 17:43 B D:\WebUV\WebUV_Local1\Tablas\_vti_cnf\WS_FTP.LOG --> www.uribevelez.com /Tablas/_vti_cnf WS_FTP.LOG
2005.10.28 17:02 B D:\WebUV\WebUV_Local1\Tablas\_vti_cnf\WS_FTP.LOG --> www.uribevelez.com /Tablas/_vti_cnf WS_FTP.LOG
2005.10.29 14:25 B D:\WebUV\WebUV_Local1\Tablas\_vti_cnf\WS_FTP.LOG --> www.uribevelez.com /Tablas/_vti_cnf WS_FTP.LOG
2005.10.31 18:25 B D:\WebUV\WebUV_Local1\Tablas\_vti_cnf\WS_FTP.LOG --> www.uribevelez.com /Tablas/_vti_cnf WS_FTP.LOG
2005.11.01 18:40 B D:\WebUV\WebUV_Local1\Tablas\_vti_cnf\WS_FTP.LOG --> www.uribevelez.com /Tablas/_vti_cnf WS_FTP.LOG
2005.11.02 18:52 B D:\WebUV\WebUV_Local1\Tablas\_vti_cnf\WS_FTP.LOG --> www.uribevelez.com /Tablas/_vti_cnf WS_FTP.LOG
2005.11.03 18:54 B D:\WebUV\WebUV_Local1\Tablas\_vti_cnf\WS_FTP.LOG --> www.uribevelez.com /Tablas/_vti_cnf WS_FTP.LOG
2005.11.04 18:55 B D:\WebUV\WebUV_Local1\Tablas\_vti_cnf\WS_FTP.LOG --> www.uribevelez.com /Tablas/_vti_cnf WS_FTP.LOG
2005.11.08 19:18 B D:\WebUV\WebUV_Local1\Tablas\_vti_cnf\WS_FTP.LOG --> www.uribevelez.com /Tablas/_vti_cnf WS_FTP.LOG
2005.11.09 18:27 B D:\WebUV\WebUV_Local1\Tablas\_vti_cnf\WS_FTP.LOG --> www.uribevelez.com /Tablas/_vti_cnf WS_FTP.LOG
2005.11.11 17:51 B D:\WebUV\WebUV_Local1\Tablas\_vti_cnf\WS_FTP.LOG --> www.uribevelez.com /Tablas/_vti_cnf WS_FTP.LOG
2005.11.12 14:32 B D:\WebUV\WebUV_Local1\Tablas\_vti_cnf\WS_FTP.LOG --> www.uribevelez.com /Tablas/_vti_cnf WS_FTP.LOG
2005.11.15 19:48 B D:\WebUV\WebUV_Local1\Tablas\_vti_cnf\WS_FTP.LOG --> www.uribevelez.com /Tablas/_vti_cnf WS_FTP.LOG
2005.11.16 18:38 B D:\WebUV\WebUV_Local1\Tablas\_vti_cnf\WS_FTP.LOG --> www.uribevelez.com /Tablas/_vti_cnf WS_FTP.LOG
2005.11.17 18:20 B D:\WebUV\WebUV_Local1\Tablas\_vti_cnf\WS_FTP.LOG --> www.uribevelez.com /Tablas/_vti_cnf WS_FTP.LOG
2005.11.18 17:18 B D:\WebUV\WebUV_Local1\Tablas\_vti_cnf\WS_FTP.LOG --> www.uribevelez.com /Tablas/_vti_cnf WS_FTP.LOG
2005.11.19 12:54 B D:\WebUV\WebUV_Local1\Tablas\_vti_cnf\WS_FTP.LOG --> www.uribevelez.com /Tablas/_vti_cnf WS_FTP.LOG
2005.11.21 17:54 B D:\WebUV\WebUV_Local1\Tablas\_vti_cnf\WS_FTP.LOG --> www.uribevelez.com /Tablas/_vti_cnf WS_FTP.LOG
2005.11.22 17:50 B D:\WebUV\WebUV_Local1\Tablas\_vti_cnf\WS_FTP.LOG --> www.uribevelez.com /Tablas/_vti_cnf WS_FTP.LOG
2006.05.21 18:45 B D:\WebUV\WebUV_Local1\Tablas\_vti_cnf\WS_FTP.LOG --> www.uribevelez.com /Tablas/_vti_cnf WS_FTP.LOG
2006.10.28 12:19 B D:\WebUV\WebUV_Local1\Tablas\_vti_cnf\Arriendo_Apartamentos.html --> www.uribevelez.com /Tablas/_vti_cnf Arriendo_Apartamentos.html
2006.10.28 12:19 B D:\WebUV\WebUV_Local1\Tablas\_vti_cnf\Arriendo_Bodegas.html --> www.uribevelez.com /Tablas/_vti_cnf Arriendo_Bodegas.html
2006.10.28 12:19 B D:\WebUV\WebUV_Local1\Tablas\_vti_cnf\Arriendo_Casas.html --> www.uribevelez.com /Tablas/_vti_cnf Arriendo_Casas.html
2006.10.28 12:19 B D:\WebUV\WebUV_Local1\Tablas\_vti_cnf\Arriendo_Consultorios.html --> www.uribevelez.com /Tablas/_vti_cnf Arriendo_Consultorios.html
2006.10.28 12:19 B D:\WebUV\WebUV_Local1\Tablas\_vti_cnf\Arriendo_Locales.html --> www.uribevelez.com /Tablas/_vti_cnf Arriendo_Locales.html
2006.10.28 12:19 B D:\WebUV\WebUV_Local1\Tablas\_vti_cnf\Arriendo_Oficinas.html --> www.uribevelez.com /Tablas/_vti_cnf Arriendo_Oficinas.html
2006.10.28 12:19 B D:\WebUV\WebUV_Local1\Tablas\_vti_cnf\Venta_Apartamentos.html --> www.uribevelez.com /Tablas/_vti_cnf Venta_Apartamentos.html
2006.10.28 12:19 B D:\WebUV\WebUV_Local1\Tablas\_vti_cnf\Venta_Bodegas.html --> www.uribevelez.com /Tablas/_vti_cnf Venta_Bodegas.html
2006.10.28 12:19 B D:\WebUV\WebUV_Local1\Tablas\_vti_cnf\Venta_Casas.html --> www.uribevelez.com /Tablas/_vti_cnf Venta_Casas.html
2006.10.28 12:19 B D:\WebUV\WebUV_Local1\Tablas\_vti_cnf\Venta_Consultorios.html --> www.uribevelez.com /Tablas/_vti_cnf Venta_Consultorios.html
2006.10.28 12:19 B D:\WebUV\WebUV_Local1\Tablas\_vti_cnf\Venta_Fincas.html --> www.uribevelez.com /Tablas/_vti_cnf Venta_Fincas.html
2006.10.28 12:19 B D:\WebUV\WebUV_Local1\Tablas\_vti_cnf\Venta_Locales.html --> www.uribevelez.com /Tablas/_vti_cnf Venta_Locales.html
2006.10.28 12:19 B D:\WebUV\WebUV_Local1\Tablas\_vti_cnf\Venta_Lotes.html --> www.uribevelez.com /Tablas/_vti_cnf Venta_Lotes.html
2006.10.28 12:19 B D:\WebUV\WebUV_Local1\Tablas\_vti_cnf\Venta_Oficinas.html --> www.uribevelez.com /Tablas/_vti_cnf Venta_Oficinas.html
2006.10.28 12:19 B D:\WebUV\WebUV_Local1\Tablas\_vti_cnf\WS_FTP.LOG --> www.uribevelez.com /Tablas/_vti_cnf WS_FTP.LOG
2006.11.01 16:04 B D:\WebUV\WebUV_Local1\Tablas\_vti_cnf\WS_FTP.LOG --> www.uribevelez.com /Tablas/_vti_cnf WS_FTP.LOG
2007.01.27 11:09 B D:\WebUV\WebUV_Local1\Tablas\_vti_cnf\WS_FTP.LOG --> www.uribevelez.com /Tablas/_vti_cnf WS_FTP.LOG
2007.03.14 18:22 B D:\WebUV\WebUV_Local1\Tablas\_vti_cnf\WS_FTP.LOG --> www.uribevelez.com /Tablas/_vti_cnf WS_FTP.LOG
2007.03.23 18:32 B D:\WebUV\WebUV_Local1\Tablas\_vti_cnf\WS_FTP.LOG --> www.uribevelez.com /Tablas/_vti_cnf WS_FTP.LOG
2007.03.30 17:16 B D:\WebUV\WebUV_Local1\Tablas\_vti_cnf\WS_FTP.LOG --> www.uribevelez.com /Tablas/_vti_cnf WS_FTP.LOG
2007.05.04 19:20 B D:\WebUV\WebUV_Local1\Tablas\_vti_cnf\WS_FTP.LOG --> www.uribevelez.com /Tablas/_vti_cnf WS_FTP.LOG
2007.06.01 18:57 B D:\WebUV\WebUV_Local1\Tablas\_vti_cnf\WS_FTP.LOG --> www.uribevelez.com /Tablas/_vti_cnf WS_FTP.LOG
2007.06.22 18:00 B D:\WebUV\WebUV_Local1\Tablas\_vti_cnf\WS_FTP.LOG --> www.uribevelez.com /Tablas/_vti_cnf WS_FTP.LOG
2007.08.31 12:40 B D:\WebUV\WebUV_Local1\Tablas\_vti_cnf\WS_FTP.LOG --> www.uribevelez.com /Tablas/_vti_cnf WS_FTP.LOG
2007.10.16 16:21 B D:\WebUV\WebUV_Local1\Tablas\_vti_cnf\WS_FTP.LOG --> www.uribevelez.com /Tablas/_vti_cnf WS_FTP.LOG
2010.05.13 12:32 B D:\WebUV\WebUV_Local1\Tablas\_vti_cnf\WS_FTP.LOG --> www.uribevelez.com /Tablas/_vti_cnf WS_FTP.LOG
2010.06.03 11:47 B D:\WebUV\WebUV_Local1\Tablas\_vti_cnf\WS_FTP.LOG --> www.uribevelez.com /Tablas/_vti_cnf WS_FTP.LOG
2010.08.19 12:13 B D:\WebUV\WebUV_Local1\Tablas\_vti_cnf\WS_FTP.LOG --> www.uribevelez.com /Tablas/_vti_cnf WS_FTP.LOG
2010.09.02 18:09 B D:\WebUV\WebUV_Local1\Tablas\_vti_cnf\WS_FTP.LOG --> www.uribevelez.com /Tablas/_vti_cnf WS_FTP.LOG
2010.09.30 11:58 B D:\WebUV\WebUV_Local1\Tablas\_vti_cnf\WS_FTP.LOG --> www.uribevelez.com /Tablas/_vti_cnf WS_FTP.LOG
2010.10.14 17:41 B D:\WebUV\WebUV_Local1\Tablas\_vti_cnf\WS_FTP.LOG --> www.uribevelez.com /Tablas/_vti_cnf WS_FTP.LOG
2010.11.25 14:58 B D:\WebUV\WebUV_Local1\Tablas\_vti_cnf\WS_FTP.LOG --> www.uribevelez.com /Tablas/_vti_cnf WS_FTP.LOG
2010.12.16 12:20 B D:\WebUV\WebUV_Local1\Tablas\_vti_cnf\WS_FTP.LOG --> www.uribevelez.com /Tablas/_vti_cnf WS_FTP.LOG
2011.02.03 15:58 B D:\WebUV\WebUV_Local1\Tablas\_vti_cnf\WS_FTP.LOG --> www.uribevelez.com /Tablas/_vti_cnf WS_FTP.LOG
2011.02.24 12:44 B D:\WebUV\WebUV_Local1\Tablas\_vti_cnf\WS_FTP.LOG --> www.uribevelez.com /Tablas/_vti_cnf WS_FTP.LOG
