2012.04.24 16:59 B D:\WebUV\WebUV_Local1\Tablas\Arriendo_Apartamentos.html --> www.uribevelez.com /Tablas Arriendo_Apartamentos.html
2012.04.24 16:59 B D:\WebUV\WebUV_Local1\Tablas\Arriendo_Bodegas.html --> www.uribevelez.com /Tablas Arriendo_Bodegas.html
2012.04.24 16:59 B D:\WebUV\WebUV_Local1\Tablas\Arriendo_Casas.html --> www.uribevelez.com /Tablas Arriendo_Casas.html
2012.04.24 16:59 B D:\WebUV\WebUV_Local1\Tablas\Arriendo_Consultorios.html --> www.uribevelez.com /Tablas Arriendo_Consultorios.html
2012.04.24 16:59 B D:\WebUV\WebUV_Local1\Tablas\Arriendo_Locales.html --> www.uribevelez.com /Tablas Arriendo_Locales.html
2012.04.24 16:59 B D:\WebUV\WebUV_Local1\Tablas\Arriendo_Oficinas.html --> www.uribevelez.com /Tablas Arriendo_Oficinas.html
2012.04.24 16:59 B D:\WebUV\WebUV_Local1\Tablas\Venta_Apartamentos.html --> www.uribevelez.com /Tablas Venta_Apartamentos.html
2012.04.24 16:59 B D:\WebUV\WebUV_Local1\Tablas\Venta_Bodegas.html --> www.uribevelez.com /Tablas Venta_Bodegas.html
2012.04.24 16:59 B D:\WebUV\WebUV_Local1\Tablas\Venta_Casas.html --> www.uribevelez.com /Tablas Venta_Casas.html
2012.04.24 16:59 B D:\WebUV\WebUV_Local1\Tablas\Venta_Consultorios.html --> www.uribevelez.com /Tablas Venta_Consultorios.html
2012.04.24 16:59 B D:\WebUV\WebUV_Local1\Tablas\Venta_Fincas.html --> www.uribevelez.com /Tablas Venta_Fincas.html
2012.04.24 16:59 B D:\WebUV\WebUV_Local1\Tablas\Venta_Locales.html --> www.uribevelez.com /Tablas Venta_Locales.html
2012.04.24 16:59 B D:\WebUV\WebUV_Local1\Tablas\Venta_Lotes.html --> www.uribevelez.com /Tablas Venta_Lotes.html
2012.04.24 16:59 B D:\WebUV\WebUV_Local1\Tablas\Venta_Oficinas.html --> www.uribevelez.com /Tablas Venta_Oficinas.html
2012.09.12 00:45 B D:\WebUV\WebUV_Local1\Tablas\WS_FTP.LOG --> www.uribevelez.com /Tablas WS_FTP.LOG
2012.09.12 01:46 B D:\WebUV\WebUV_Local1\Tablas\Arriendo_Apartamentos.html --> www.uribevelez.com /Tablas Arriendo_Apartamentos.html
2012.09.12 01:46 B D:\WebUV\WebUV_Local1\Tablas\Arriendo_Bodegas.html --> www.uribevelez.com /Tablas Arriendo_Bodegas.html
2012.09.12 01:46 B D:\WebUV\WebUV_Local1\Tablas\Arriendo_Casas.html --> www.uribevelez.com /Tablas Arriendo_Casas.html
2012.09.12 01:46 B D:\WebUV\WebUV_Local1\Tablas\Arriendo_Consultorios.html --> www.uribevelez.com /Tablas Arriendo_Consultorios.html
2012.09.12 01:46 B D:\WebUV\WebUV_Local1\Tablas\Arriendo_Locales.html --> www.uribevelez.com /Tablas Arriendo_Locales.html
2012.09.12 01:46 B D:\WebUV\WebUV_Local1\Tablas\Arriendo_Oficinas.html --> www.uribevelez.com /Tablas Arriendo_Oficinas.html
2012.09.12 01:46 B D:\WebUV\WebUV_Local1\Tablas\Venta_Apartamentos.html --> www.uribevelez.com /Tablas Venta_Apartamentos.html
2012.09.12 01:46 B D:\WebUV\WebUV_Local1\Tablas\Venta_Bodegas.html --> www.uribevelez.com /Tablas Venta_Bodegas.html
2012.09.12 01:46 B D:\WebUV\WebUV_Local1\Tablas\Venta_Casas.html --> www.uribevelez.com /Tablas Venta_Casas.html
2012.09.12 01:46 B D:\WebUV\WebUV_Local1\Tablas\Venta_Consultorios.html --> www.uribevelez.com /Tablas Venta_Consultorios.html
2012.09.12 01:46 B D:\WebUV\WebUV_Local1\Tablas\Venta_Fincas.html --> www.uribevelez.com /Tablas Venta_Fincas.html
2012.09.12 01:46 B D:\WebUV\WebUV_Local1\Tablas\Venta_Locales.html --> www.uribevelez.com /Tablas Venta_Locales.html
2012.09.12 01:46 B D:\WebUV\WebUV_Local1\Tablas\Venta_Lotes.html --> www.uribevelez.com /Tablas Venta_Lotes.html
2012.09.12 01:46 B D:\WebUV\WebUV_Local1\Tablas\Venta_Oficinas.html --> www.uribevelez.com /Tablas Venta_Oficinas.html
2012.09.12 02:07 B D:\WebUV\WebUV_Local1\Tablas\WS_FTP.LOG --> www.uribevelez.com /Tablas WS_FTP.LOG
2012.09.18 02:05 B D:\WebUV\WebUV_Local1\Tablas\Arriendo_Apartamentos.html --> www.uribevelez.com /Tablas Arriendo_Apartamentos.html
2012.09.18 02:05 B D:\WebUV\WebUV_Local1\Tablas\Arriendo_Bodegas.html --> www.uribevelez.com /Tablas Arriendo_Bodegas.html
2012.09.18 02:05 B D:\WebUV\WebUV_Local1\Tablas\Arriendo_Casas.html --> www.uribevelez.com /Tablas Arriendo_Casas.html
2012.09.18 02:05 B D:\WebUV\WebUV_Local1\Tablas\Arriendo_Consultorios.html --> www.uribevelez.com /Tablas Arriendo_Consultorios.html
2012.09.18 02:05 B D:\WebUV\WebUV_Local1\Tablas\Arriendo_Locales.html --> www.uribevelez.com /Tablas Arriendo_Locales.html
2012.09.18 02:05 B D:\WebUV\WebUV_Local1\Tablas\Arriendo_Oficinas.html --> www.uribevelez.com /Tablas Arriendo_Oficinas.html
2012.09.18 02:05 B D:\WebUV\WebUV_Local1\Tablas\Venta_Apartamentos.html --> www.uribevelez.com /Tablas Venta_Apartamentos.html
2012.09.18 02:05 B D:\WebUV\WebUV_Local1\Tablas\Venta_Bodegas.html --> www.uribevelez.com /Tablas Venta_Bodegas.html
2012.09.18 02:05 B D:\WebUV\WebUV_Local1\Tablas\Venta_Casas.html --> www.uribevelez.com /Tablas Venta_Casas.html
2012.09.18 02:05 B D:\WebUV\WebUV_Local1\Tablas\Venta_Consultorios.html --> www.uribevelez.com /Tablas Venta_Consultorios.html
2012.09.18 02:05 B D:\WebUV\WebUV_Local1\Tablas\Venta_Fincas.html --> www.uribevelez.com /Tablas Venta_Fincas.html
2012.09.18 02:05 B D:\WebUV\WebUV_Local1\Tablas\Venta_Locales.html --> www.uribevelez.com /Tablas Venta_Locales.html
2012.09.18 02:05 B D:\WebUV\WebUV_Local1\Tablas\Venta_Lotes.html --> www.uribevelez.com /Tablas Venta_Lotes.html
2012.09.18 02:05 B D:\WebUV\WebUV_Local1\Tablas\Venta_Oficinas.html --> www.uribevelez.com /Tablas Venta_Oficinas.html
2012.09.19 00:12 B D:\WebUV\WebUV_Local1\Tablas\Arriendo_Apartamentos.html --> www.uribevelez.com /Tablas Arriendo_Apartamentos.html
2012.09.19 00:12 B D:\WebUV\WebUV_Local1\Tablas\Arriendo_Bodegas.html --> www.uribevelez.com /Tablas Arriendo_Bodegas.html
2012.09.19 00:12 B D:\WebUV\WebUV_Local1\Tablas\Arriendo_Casas.html --> www.uribevelez.com /Tablas Arriendo_Casas.html
2012.09.19 00:12 B D:\WebUV\WebUV_Local1\Tablas\Arriendo_Consultorios.html --> www.uribevelez.com /Tablas Arriendo_Consultorios.html
2012.09.19 00:12 B D:\WebUV\WebUV_Local1\Tablas\Arriendo_Locales.html --> www.uribevelez.com /Tablas Arriendo_Locales.html
2012.09.19 00:12 B D:\WebUV\WebUV_Local1\Tablas\Arriendo_Oficinas.html --> www.uribevelez.com /Tablas Arriendo_Oficinas.html
2012.09.19 00:12 B D:\WebUV\WebUV_Local1\Tablas\Venta_Apartamentos.html --> www.uribevelez.com /Tablas Venta_Apartamentos.html
2012.09.19 00:12 B D:\WebUV\WebUV_Local1\Tablas\Venta_Bodegas.html --> www.uribevelez.com /Tablas Venta_Bodegas.html
2012.09.19 00:12 B D:\WebUV\WebUV_Local1\Tablas\Venta_Casas.html --> www.uribevelez.com /Tablas Venta_Casas.html
2012.09.19 00:12 B D:\WebUV\WebUV_Local1\Tablas\Venta_Consultorios.html --> www.uribevelez.com /Tablas Venta_Consultorios.html
2012.09.19 00:12 B D:\WebUV\WebUV_Local1\Tablas\Venta_Fincas.html --> www.uribevelez.com /Tablas Venta_Fincas.html
2012.09.19 00:12 B D:\WebUV\WebUV_Local1\Tablas\Venta_Locales.html --> www.uribevelez.com /Tablas Venta_Locales.html
2012.09.19 00:12 B D:\WebUV\WebUV_Local1\Tablas\Venta_Lotes.html --> www.uribevelez.com /Tablas Venta_Lotes.html
2012.09.19 00:12 B D:\WebUV\WebUV_Local1\Tablas\Venta_Oficinas.html --> www.uribevelez.com /Tablas Venta_Oficinas.html
